2025-02-27T13:20:16.660+05:30  INFO 13832 --- [employeepayrollapp] [restartedMain] c.b.e.EmployeepayrollappApplication      : Starting EmployeepayrollappApplication using Java 23.0.2 with PID 13832 (C:\Users\HP\Downloads\employeepayrollapp\employeepayrollapp\target\classes started by HP in C:\Users\HP\Downloads\employeepayrollapp\employeepayrollapp)
2025-02-27T13:20:16.671+05:30 DEBUG 13832 --- [employeepayrollapp] [restartedMain] c.b.e.EmployeepayrollappApplication      : Running with Spring Boot v3.4.3, Spring v6.2.3
2025-02-27T13:20:16.673+05:30  INFO 13832 --- [employeepayrollapp] [restartedMain] c.b.e.EmployeepayrollappApplication      : The following 1 profile is active: "dev"
2025-02-27T13:20:22.977+05:30  INFO 13832 --- [employeepayrollapp] [restartedMain] c.b.e.EmployeepayrollappApplication      : Started EmployeepayrollappApplication in 6.999 seconds (process running for 8.438)
2025-02-27T13:20:22.981+05:30  INFO 13832 --- [employeepayrollapp] [restartedMain] c.b.e.EmployeepayrollappApplication      : Application has started in DEV environment
2025-02-27T13:20:22.983+05:30  INFO 13832 --- [employeepayrollapp] [restartedMain] c.b.e.EmployeepayrollappApplication      : Employee Payroll DB User is payrolluser
2025-02-27T13:23:57.092+05:30  INFO 19112 --- [employeepayrollapp] [restartedMain] c.b.e.EmployeepayrollappApplication      : Starting EmployeepayrollappApplication using Java 23.0.2 with PID 19112 (C:\Users\HP\Downloads\employeepayrollapp\employeepayrollapp\target\classes started by HP in C:\Users\HP\Downloads\employeepayrollapp\employeepayrollapp)
2025-02-27T13:23:57.096+05:30 DEBUG 19112 --- [employeepayrollapp] [restartedMain] c.b.e.EmployeepayrollappApplication      : Running with Spring Boot v3.4.3, Spring v6.2.3
2025-02-27T13:23:57.097+05:30  INFO 19112 --- [employeepayrollapp] [restartedMain] c.b.e.EmployeepayrollappApplication      : The following 1 profile is active: "dev"
2025-02-27T13:24:02.223+05:30  INFO 19112 --- [employeepayrollapp] [restartedMain] c.b.e.EmployeepayrollappApplication      : Started EmployeepayrollappApplication in 5.746 seconds (process running for 6.337)
2025-02-27T13:24:02.229+05:30  INFO 19112 --- [employeepayrollapp] [restartedMain] c.b.e.EmployeepayrollappApplication      : Application has started in DEV environment
2025-02-27T13:24:02.231+05:30  INFO 19112 --- [employeepayrollapp] [restartedMain] c.b.e.EmployeepayrollappApplication      : Employee Payroll DB User is payrolluser
2025-02-27T13:25:25.927+05:30  INFO 18132 --- [employeepayrollapp] [restartedMain] c.b.e.EmployeepayrollappApplication      : Starting EmployeepayrollappApplication using Java 23.0.2 with PID 18132 (C:\Users\HP\Downloads\employeepayrollapp\employeepayrollapp\target\classes started by HP in C:\Users\HP\Downloads\employeepayrollapp\employeepayrollapp)
2025-02-27T13:25:25.930+05:30 DEBUG 18132 --- [employeepayrollapp] [restartedMain] c.b.e.EmployeepayrollappApplication      : Running with Spring Boot v3.4.3, Spring v6.2.3
2025-02-27T13:25:25.932+05:30  INFO 18132 --- [employeepayrollapp] [restartedMain] c.b.e.EmployeepayrollappApplication      : The following 1 profile is active: "dev"
2025-02-27T13:25:28.964+05:30  INFO 21204 --- [employeepayrollapp] [restartedMain] c.b.e.EmployeepayrollappApplication      : Starting EmployeepayrollappApplication using Java 23.0.2 with PID 21204 (C:\Users\HP\Downloads\employeepayrollapp\employeepayrollapp\target\classes started by HP in C:\Users\HP\Downloads\employeepayrollapp\employeepayrollapp)
2025-02-27T13:25:28.969+05:30 DEBUG 21204 --- [employeepayrollapp] [restartedMain] c.b.e.EmployeepayrollappApplication      : Running with Spring Boot v3.4.3, Spring v6.2.3
2025-02-27T13:25:28.976+05:30  INFO 21204 --- [employeepayrollapp] [restartedMain] c.b.e.EmployeepayrollappApplication      : The following 1 profile is active: "dev"
2025-02-27T13:25:34.044+05:30  INFO 18132 --- [employeepayrollapp] [restartedMain] c.b.e.EmployeepayrollappApplication      : Started EmployeepayrollappApplication in 8.841 seconds (process running for 9.605)
2025-02-27T13:25:34.056+05:30  INFO 18132 --- [employeepayrollapp] [restartedMain] c.b.e.EmployeepayrollappApplication      : Application has started in DEV environment
2025-02-27T13:25:34.060+05:30  INFO 18132 --- [employeepayrollapp] [restartedMain] c.b.e.EmployeepayrollappApplication      : Employee Payroll DB User is payrolluser
2025-02-27T13:25:36.344+05:30  WARN 21204 --- [employeepayrollapp] [restartedMain] o.s.b.d.a.OptionalLiveReloadServer       : Unable to start LiveReload server
2025-02-27T13:25:36.371+05:30  WARN 21204 --- [employeepayrollapp] [restartedMain] ConfigServletWebServerApplicationContext : Exception encountered during context initialization - cancelling refresh attempt: org.springframework.context.ApplicationContextException: Failed to start bean 'webServerStartStop'
2025-02-27T13:25:36.475+05:30 ERROR 21204 --- [employeepayrollapp] [restartedMain] o.s.b.d.LoggingFailureAnalysisReporter   : 

***************************
APPLICATION FAILED TO START
***************************

Description:

Web server failed to start. Port 8080 was already in use.

Action:

Identify and stop the process that's listening on port 8080 or configure this application to listen on another port.

2025-02-27T13:25:55.003+05:30  WARN 18132 --- [employeepayrollapp] [http-nio-8080-exec-1] .w.s.m.s.DefaultHandlerExceptionResolver : Resolved [org.springframework.web.HttpRequestMethodNotSupportedException: Request method 'POST' is not supported]
2025-02-27T13:33:31.055+05:30  INFO 13684 --- [employeepayrollapp] [restartedMain] c.b.e.EmployeepayrollappApplication      : Starting EmployeepayrollappApplication using Java 23.0.2 with PID 13684 (C:\Users\HP\Downloads\employeepayrollapp\employeepayrollapp\target\classes started by HP in C:\Users\HP\Downloads\employeepayrollapp\employeepayrollapp)
2025-02-27T13:33:31.058+05:30 DEBUG 13684 --- [employeepayrollapp] [restartedMain] c.b.e.EmployeepayrollappApplication      : Running with Spring Boot v3.4.3, Spring v6.2.3
2025-02-27T13:33:31.059+05:30  INFO 13684 --- [employeepayrollapp] [restartedMain] c.b.e.EmployeepayrollappApplication      : The following 1 profile is active: "dev"
2025-02-27T13:33:36.300+05:30  INFO 13684 --- [employeepayrollapp] [restartedMain] c.b.e.EmployeepayrollappApplication      : Started EmployeepayrollappApplication in 5.897 seconds (process running for 6.58)
2025-02-27T13:33:36.306+05:30  INFO 13684 --- [employeepayrollapp] [restartedMain] c.b.e.EmployeepayrollappApplication      : Application has started in DEV environment
2025-02-27T13:33:36.308+05:30  INFO 13684 --- [employeepayrollapp] [restartedMain] c.b.e.EmployeepayrollappApplication      : Employee Payroll DB User is payrolluser
2025-02-27T13:33:58.961+05:30  WARN 13684 --- [employeepayrollapp] [http-nio-8080-exec-3] .w.s.m.s.DefaultHandlerExceptionResolver : Resolved [org.springframework.web.HttpRequestMethodNotSupportedException: Request method 'POST' is not supported]
